\BOOKMARK [1][-]{Doc-Start}{Introduction}{}% 1
\BOOKMARK [1][-]{Doc-Start}{A Note to Instructors}{}% 2
\BOOKMARK [1][-]{section.1}{The integers}{}% 3
\BOOKMARK [2][-]{subsection.1.1}{Induction and Well-Ordering}{section.1}% 4
\BOOKMARK [2][-]{subsection.1.2}{Divisibility in the integers}{section.1}% 5
\BOOKMARK [2][-]{subsection.1.3}{Primes and Factorization}{section.1}% 6
\BOOKMARK [2][-]{subsection.1.4}{The Integers modulo m}{section.1}% 7
\BOOKMARK [1][-]{section.2}{Fields and Rings}{}% 8
\BOOKMARK [2][-]{subsection.2.1}{Fields}{section.2}% 9
\BOOKMARK [2][-]{subsection.2.2}{Rings}{section.2}% 10
\BOOKMARK [2][-]{subsection.2.3}{Divisibility in Integral Domains}{section.2}% 11
\BOOKMARK [2][-]{subsection.2.4}{Principal Ideals}{section.2}% 12
\BOOKMARK [1][-]{section.3}{Factorization}{}% 13
\BOOKMARK [2][-]{subsection.3.1}{Factoring Polynomials}{section.3}% 14
\BOOKMARK [2][-]{subsection.3.2}{Factorization in Euclidean Domains}{section.3}% 15
\BOOKMARK [2][-]{subsection.3.3}{Nonunique Factorization}{section.3}% 16
\BOOKMARK [1][-]{section.4}{Ideals and Homomorphisms}{}% 17
\BOOKMARK [2][-]{subsection.4.1}{Ideals in general}{section.4}% 18
\BOOKMARK [2][-]{subsection.4.2}{Quotient Rings}{section.4}% 19
\BOOKMARK [2][-]{subsection.4.3}{Homomorphisms}{section.4}% 20
