\BOOKMARK [0][-]{chapter*.1}{Introduction}{}% 1
\BOOKMARK [0][-]{chapter*.2}{A\040Note\040to\040Students}{}% 2
\BOOKMARK [0][-]{chapter*.3}{A\040Note\040to\040Instructors}{}% 3
\BOOKMARK [0][-]{chapter*.4}{Acknowledgements}{}% 4
\BOOKMARK [0][-]{chapter.1}{The\040Integers}{}% 5
\BOOKMARK [1][-]{section.1.1}{Induction\040and\040Well-Ordering}{chapter.1}% 6
\BOOKMARK [1][-]{section.1.2}{Divisibility\040and\040GCDs\040in\040the\040Integers}{chapter.1}% 7
\BOOKMARK [1][-]{section.1.3}{Primes\040and\040Factorization}{chapter.1}% 8
\BOOKMARK [1][-]{section.1.4}{The\040Integers\040modulo\040m}{chapter.1}% 9
\BOOKMARK [0][-]{chapter.2}{Fields\040and\040Rings}{}% 10
\BOOKMARK [1][-]{section.2.1}{Fields}{chapter.2}% 11
\BOOKMARK [1][-]{section.2.2}{Rings}{chapter.2}% 12
\BOOKMARK [1][-]{section.2.3}{Divisibility\040in\040Integral\040Domains}{chapter.2}% 13
\BOOKMARK [1][-]{section.2.4}{Principal\040Ideals}{chapter.2}% 14
\BOOKMARK [0][-]{chapter.3}{Factorization}{}% 15
\BOOKMARK [1][-]{section.3.1}{Factoring\040Polynomials}{chapter.3}% 16
\BOOKMARK [1][-]{section.3.2}{Factorization\040in\040Euclidean\040Domains}{chapter.3}% 17
\BOOKMARK [1][-]{section.3.3}{Nonunique\040Factorization}{chapter.3}% 18
\BOOKMARK [0][-]{chapter.4}{Ideals\040and\040Homomorphisms}{}% 19
\BOOKMARK [1][-]{section.4.1}{Ideals\040in\040general}{chapter.4}% 20
\BOOKMARK [1][-]{section.4.2}{Quotient\040Rings}{chapter.4}% 21
\BOOKMARK [1][-]{section.4.3}{Homomorphisms}{chapter.4}% 22
\BOOKMARK [0][-]{section*.231}{Index}{}% 23
